[NX Daemon Server] - 2022-11-05T02:27:02.495Z - Started listening on: /var/folders/y1/cttx1f5s1_v3vrwq6c5nf20h0000gn/T/307c975cf1086a0fd358/d.sock
[NX Daemon Server] - 2022-11-05T02:27:02.520Z - Established a connection. Number of open connections: 1
[NX Daemon Server] - 2022-11-05T02:27:02.523Z - Established a connection. Number of open connections: 2
[NX Daemon Server] - 2022-11-05T02:27:02.523Z - [WATCHER]: Subscribed to changes within: /Users/katherinemartinez/src/ui-composer
[NX Daemon Server] - 2022-11-05T02:27:02.527Z - [REQUEST]: Client Request for Project Graph Received
[NX Daemon Server] - 2022-11-05T02:27:02.589Z - Error detected when recomputing project file map: ENOENT: no such file or directory, open '/Users/katherinemartinez/src/ui-composer/packages/figma-plugin/project.json'
[NX Daemon Server] - 2022-11-05T02:27:02.617Z - [REQUEST]: Responding to the client with an error. Error when preparing serialized project graph. ENOENT: no such file or directory, open '/Users/katherinemartinez/src/ui-composer/packages/figma-plugin/project.json'
Error: ENOENT: no such file or directory, open '/Users/katherinemartinez/src/ui-composer/packages/figma-plugin/project.json'
    at Object.openSync (node:fs:600:3)
    at readFileSync (node:fs:468:35)
    at readJsonFile (/Users/katherinemartinez/src/ui-composer/node_modules/nx/src/utils/fileutils.js:18:43)
    at /Users/katherinemartinez/src/ui-composer/node_modules/nx/src/config/workspaces.js:385:61
    at Array.forEach (<anonymous>)
    at inlineProjectConfigurations (/Users/katherinemartinez/src/ui-composer/node_modules/nx/src/config/workspaces.js:382:38)
    at resolveNewFormatWithInlineProjects (/Users/katherinemartinez/src/ui-composer/node_modules/nx/src/config/workspaces.js:378:24)
    at Workspaces.readFromWorkspaceJson (/Users/katherinemartinez/src/ui-composer/node_modules/nx/src/config/workspaces.js:269:16)
    at Workspaces.readWorkspaceConfiguration (/Users/katherinemartinez/src/ui-composer/node_modules/nx/src/config/workspaces.js:58:78)
    at readAllWorkspaceConfiguration (/Users/katherinemartinez/src/ui-composer/node_modules/nx/src/config/configuration.js:15:72) {
  errno: -2,
  syscall: 'open',
  code: 'ENOENT',
  path: '/Users/katherinemartinez/src/ui-composer/packages/figma-plugin/project.json'
}
[NX Daemon Server] - 2022-11-05T02:27:02.621Z - Done responding to the client null
[NX Daemon Server] - 2022-11-05T02:27:35.756Z - Started listening on: /var/folders/y1/cttx1f5s1_v3vrwq6c5nf20h0000gn/T/307c975cf1086a0fd358/d.sock
[NX Daemon Server] - 2022-11-05T02:27:35.780Z - Established a connection. Number of open connections: 1
[NX Daemon Server] - 2022-11-05T02:27:35.783Z - Established a connection. Number of open connections: 2
[NX Daemon Server] - 2022-11-05T02:27:35.783Z - [WATCHER]: Subscribed to changes within: /Users/katherinemartinez/src/ui-composer
[NX Daemon Server] - 2022-11-05T02:27:35.787Z - [REQUEST]: Client Request for Project Graph Received
[NX Daemon Server] - 2022-11-05T02:27:35.846Z - [REQUEST]: Updated file-hasher based on watched changes, recomputing project graph...
[NX Daemon Server] - 2022-11-05T02:27:36.435Z - Time taken for 'hash changed files from watcher' 0.1202080100774765ms
[NX Daemon Server] - 2022-11-05T02:27:36.440Z - Closed a connection. Number of open connections: 1
[NX Daemon Server] - 2022-11-05T02:27:37.641Z - [REQUEST]: Responding to the client. project-graph
[NX Daemon Server] - 2022-11-05T02:27:37.647Z - Time taken for 'total for creating and serializing project graph' 1853.7247920036316ms
[NX Daemon Server] - 2022-11-05T02:27:37.654Z - Done responding to the client project-graph
[NX Daemon Server] - 2022-11-05T02:27:37.673Z - Closed a connection. Number of open connections: 0
[NX Daemon Server] - 2022-11-05T02:27:37.722Z - [WATCHER]: .nx/nxdeps.json was created or restored
[NX Daemon Server] - 2022-11-05T02:27:37.889Z - [REQUEST]: Updated file-hasher based on watched changes, recomputing project graph...
[NX Daemon Server] - 2022-11-05T02:27:37.937Z - Time taken for 'hash changed files from watcher' 40.02945899963379ms
[NX Daemon Server] - 2022-11-05T02:27:38.015Z - [WATCHER]: .nx/nxdeps.json was modified
[NX Daemon Server] - 2022-11-05T02:27:38.303Z - [REQUEST]: Updated file-hasher based on watched changes, recomputing project graph...
[NX Daemon Server] - 2022-11-05T02:27:38.346Z - Time taken for 'hash changed files from watcher' 63.954874992370605ms
[NX Daemon Server] - 2022-11-05T02:27:38.424Z - [WATCHER]: .nx/nxdeps.json was modified
[NX Daemon Server] - 2022-11-05T02:27:38.924Z - [REQUEST]: Updated file-hasher based on watched changes, recomputing project graph...
[NX Daemon Server] - 2022-11-05T02:27:38.965Z - Time taken for 'hash changed files from watcher' 76.8836669921875ms
[NX Daemon Server] - 2022-11-05T02:27:39.043Z - [WATCHER]: .nx/nxdeps.json was modified
[NX Daemon Server] - 2022-11-05T02:27:39.946Z - [REQUEST]: Updated file-hasher based on watched changes, recomputing project graph...
[NX Daemon Server] - 2022-11-05T02:27:39.989Z - Time taken for 'hash changed files from watcher' 80.1487919986248ms
[NX Daemon Server] - 2022-11-05T02:27:40.068Z - [WATCHER]: .nx/nxdeps.json was modified
[NX Daemon Server] - 2022-11-05T02:27:41.770Z - [REQUEST]: Updated file-hasher based on watched changes, recomputing project graph...
[NX Daemon Server] - 2022-11-05T02:27:41.808Z - Time taken for 'hash changed files from watcher' 75.92804099619389ms
[NX Daemon Server] - 2022-11-05T02:27:41.885Z - [WATCHER]: .nx/nxdeps.json was modified
[NX Daemon Server] - 2022-11-05T02:27:45.184Z - [REQUEST]: Updated file-hasher based on watched changes, recomputing project graph...
[NX Daemon Server] - 2022-11-05T02:27:45.220Z - Time taken for 'hash changed files from watcher' 76.20520800352097ms
[NX Daemon Server] - 2022-11-05T02:27:45.299Z - [WATCHER]: .nx/nxdeps.json was modified
[NX Daemon Server] - 2022-11-05T02:27:51.788Z - [REQUEST]: Updated file-hasher based on watched changes, recomputing project graph...
[NX Daemon Server] - 2022-11-05T02:27:51.826Z - Time taken for 'hash changed files from watcher' 61.319499999284744ms
[NX Daemon Server] - 2022-11-05T02:27:51.905Z - [WATCHER]: .nx/nxdeps.json was modified
[NX Daemon Server] - 2022-11-05T02:27:58.437Z - [REQUEST]: Updated file-hasher based on watched changes, recomputing project graph...
[NX Daemon Server] - 2022-11-05T02:27:58.496Z - Time taken for 'hash changed files from watcher' 62.23770800232887ms
[NX Daemon Server] - 2022-11-05T02:27:58.571Z - [WATCHER]: .nx/nxdeps.json was modified
[NX Daemon Server] - 2022-11-05T02:28:05.076Z - [REQUEST]: Updated file-hasher based on watched changes, recomputing project graph...
[NX Daemon Server] - 2022-11-05T02:28:05.112Z - Time taken for 'hash changed files from watcher' 80.45620800554752ms
[NX Daemon Server] - 2022-11-05T02:28:05.193Z - [WATCHER]: .nx/nxdeps.json was modified
[NX Daemon Server] - 2022-11-05T02:28:07.153Z - Established a connection. Number of open connections: 1
[NX Daemon Server] - 2022-11-05T02:28:07.154Z - Established a connection. Number of open connections: 2
[NX Daemon Server] - 2022-11-05T02:28:07.158Z - [REQUEST]: Client Request for Project Graph Received
[NX Daemon Server] - 2022-11-05T02:28:07.187Z - Closed a connection. Number of open connections: 1
[NX Daemon Server] - 2022-11-05T02:28:07.255Z - [REQUEST]: Updated file-hasher based on watched changes, recomputing project graph...
[NX Daemon Server] - 2022-11-05T02:28:07.302Z - [REQUEST]: Responding to the client. project-graph
[NX Daemon Server] - 2022-11-05T02:28:07.305Z - Time taken for 'total for creating and serializing project graph' 144.1693750023842ms
[NX Daemon Server] - 2022-11-05T02:28:07.313Z - Done responding to the client project-graph
[NX Daemon Server] - 2022-11-05T02:28:07.379Z - [WATCHER]: .nx/nxdeps.json was modified
[NX Daemon Server] - 2022-11-05T02:28:07.438Z - [WATCHER]: .nx/terminalOutputs was created or restored
[NX Daemon Server] - 2022-11-05T02:28:07.541Z - [REQUEST]: Updated file-hasher based on watched changes, recomputing project graph...
[NX Daemon Server] - 2022-11-05T02:28:07.576Z - Time taken for 'hash changed files from watcher' 38.98716700077057ms
[NX Daemon Server] - 2022-11-05T02:28:07.652Z - [WATCHER]: .nx/nxdeps.json was modified
[NX Daemon Server] - 2022-11-05T02:28:07.968Z - [REQUEST]: Updated file-hasher based on watched changes, recomputing project graph...
[NX Daemon Server] - 2022-11-05T02:28:08.016Z - Time taken for 'hash changed files from watcher' 66.51033298671246ms
[NX Daemon Server] - 2022-11-05T02:28:08.093Z - [WATCHER]: .nx/nxdeps.json was modified
[NX Daemon Server] - 2022-11-05T02:28:08.561Z - [REQUEST]: Updated file-hasher based on watched changes, recomputing project graph...
[NX Daemon Server] - 2022-11-05T02:28:08.598Z - Time taken for 'hash changed files from watcher' 43.44083298742771ms
[NX Daemon Server] - 2022-11-05T02:28:08.669Z - [WATCHER]: .nx/nxdeps.json was modified
[NX Daemon Server] - 2022-11-05T02:28:09.542Z - [REQUEST]: Updated file-hasher based on watched changes, recomputing project graph...
[NX Daemon Server] - 2022-11-05T02:28:09.579Z - Time taken for 'hash changed files from watcher' 44.459124997258186ms
[NX Daemon Server] - 2022-11-05T02:28:09.656Z - [WATCHER]: .nx/nxdeps.json was modified
[NX Daemon Server] - 2022-11-05T02:28:11.377Z - [REQUEST]: Updated file-hasher based on watched changes, recomputing project graph...
[NX Daemon Server] - 2022-11-05T02:28:11.418Z - Time taken for 'hash changed files from watcher' 72.47220800817013ms
[NX Daemon Server] - 2022-11-05T02:28:11.492Z - [WATCHER]: .nx/nxdeps.json was modified
[NX Daemon Server] - 2022-11-05T02:28:11.526Z - [REQUEST]: Responding to the client. recordOutputsHash
[NX Daemon Server] - 2022-11-05T02:28:11.526Z - Done responding to the client recordOutputsHash
[NX Daemon Server] - 2022-11-05T02:28:11.574Z - Closed a connection. Number of open connections: 0
[NX Daemon Server] - 2022-11-05T02:28:11.636Z - [WATCHER]: 8 file(s) created or restored, 0 file(s) modified, 0 file(s) deleted
[NX Daemon Server] - 2022-11-05T02:28:14.760Z - [REQUEST]: Updated file-hasher based on watched changes, recomputing project graph...
[NX Daemon Server] - 2022-11-05T02:28:14.798Z - Time taken for 'hash changed files from watcher' 41.42858299612999ms
[NX Daemon Server] - 2022-11-05T02:28:14.875Z - [WATCHER]: .nx/nxdeps.json was modified
[NX Daemon Server] - 2022-11-05T02:28:15.485Z - Established a connection. Number of open connections: 1
[NX Daemon Server] - 2022-11-05T02:28:15.486Z - Closed a connection. Number of open connections: 0
[NX Daemon Server] - 2022-11-05T02:28:15.487Z - Established a connection. Number of open connections: 1
[NX Daemon Server] - 2022-11-05T02:28:15.491Z - [REQUEST]: Client Request for Project Graph Received
[NX Daemon Server] - 2022-11-05T02:28:15.552Z - [REQUEST]: Updated file-hasher based on watched changes, recomputing project graph...
[NX Daemon Server] - 2022-11-05T02:28:15.591Z - [REQUEST]: Responding to the client. project-graph
[NX Daemon Server] - 2022-11-05T02:28:15.594Z - Time taken for 'total for creating and serializing project graph' 99.99604099988937ms
[NX Daemon Server] - 2022-11-05T02:28:15.602Z - Done responding to the client project-graph
[NX Daemon Server] - 2022-11-05T02:28:15.645Z - [REQUEST]: Responding to the client. outputsHashesMatch
[NX Daemon Server] - 2022-11-05T02:28:15.645Z - Done responding to the client outputsHashesMatch
[NX Daemon Server] - 2022-11-05T02:28:15.650Z - [REQUEST]: Responding to the client. recordOutputsHash
[NX Daemon Server] - 2022-11-05T02:28:15.650Z - Done responding to the client recordOutputsHash
[NX Daemon Server] - 2022-11-05T02:28:15.661Z - Closed a connection. Number of open connections: 0
[NX Daemon Server] - 2022-11-05T02:28:15.665Z - [WATCHER]: .nx/nxdeps.json was modified
[NX Daemon Server] - 2022-11-05T02:28:15.824Z - [REQUEST]: Updated file-hasher based on watched changes, recomputing project graph...
[NX Daemon Server] - 2022-11-05T02:28:15.868Z - Time taken for 'hash changed files from watcher' 38.872916996479034ms
[NX Daemon Server] - 2022-11-05T02:28:15.948Z - [WATCHER]: .nx/nxdeps.json was modified
[NX Daemon Server] - 2022-11-05T02:28:16.284Z - [REQUEST]: Updated file-hasher based on watched changes, recomputing project graph...
[NX Daemon Server] - 2022-11-05T02:28:16.326Z - Time taken for 'hash changed files from watcher' 82.34916698932648ms
[NX Daemon Server] - 2022-11-05T02:28:16.404Z - [WATCHER]: .nx/nxdeps.json was modified
[NX Daemon Server] - 2022-11-05T02:28:16.899Z - [REQUEST]: Updated file-hasher based on watched changes, recomputing project graph...
[NX Daemon Server] - 2022-11-05T02:28:16.940Z - Time taken for 'hash changed files from watcher' 70.41895800828934ms
[NX Daemon Server] - 2022-11-05T02:28:17.015Z - [WATCHER]: .nx/nxdeps.json was modified
[NX Daemon Server] - 2022-11-05T02:28:17.883Z - [REQUEST]: Updated file-hasher based on watched changes, recomputing project graph...
[NX Daemon Server] - 2022-11-05T02:28:17.920Z - Time taken for 'hash changed files from watcher' 45.428291007876396ms
[NX Daemon Server] - 2022-11-05T02:28:17.998Z - [WATCHER]: .nx/nxdeps.json was modified
[NX Daemon Server] - 2022-11-05T02:28:19.691Z - [REQUEST]: Updated file-hasher based on watched changes, recomputing project graph...
[NX Daemon Server] - 2022-11-05T02:28:19.730Z - Time taken for 'hash changed files from watcher' 62.974916994571686ms
[NX Daemon Server] - 2022-11-05T02:28:19.806Z - [WATCHER]: .nx/nxdeps.json was modified
[NX Daemon Server] - 2022-11-05T02:28:23.130Z - [REQUEST]: Updated file-hasher based on watched changes, recomputing project graph...
[NX Daemon Server] - 2022-11-05T02:28:23.165Z - Time taken for 'hash changed files from watcher' 100.97224999964237ms
[NX Daemon Server] - 2022-11-05T02:28:23.243Z - [WATCHER]: .nx/nxdeps.json was modified
[NX Daemon Server] - 2022-11-05T02:28:29.758Z - [REQUEST]: Updated file-hasher based on watched changes, recomputing project graph...
[NX Daemon Server] - 2022-11-05T02:28:29.793Z - Time taken for 'hash changed files from watcher' 90.59691700339317ms
[NX Daemon Server] - 2022-11-05T02:28:29.871Z - [WATCHER]: .nx/nxdeps.json was modified
[NX Daemon Server] - 2022-11-05T02:28:36.375Z - [REQUEST]: Updated file-hasher based on watched changes, recomputing project graph...
[NX Daemon Server] - 2022-11-05T02:28:36.410Z - Time taken for 'hash changed files from watcher' 79.07283399999142ms
[NX Daemon Server] - 2022-11-05T02:28:36.487Z - [WATCHER]: .nx/nxdeps.json was modified
[NX Daemon Server] - 2022-11-05T02:28:43.003Z - [REQUEST]: Updated file-hasher based on watched changes, recomputing project graph...
[NX Daemon Server] - 2022-11-05T02:28:43.037Z - Time taken for 'hash changed files from watcher' 97.38137499988079ms
[NX Daemon Server] - 2022-11-05T02:28:43.115Z - [WATCHER]: .nx/nxdeps.json was modified
[NX Daemon Server] - 2022-11-05T02:28:49.632Z - [REQUEST]: Updated file-hasher based on watched changes, recomputing project graph...
[NX Daemon Server] - 2022-11-05T02:28:49.666Z - Time taken for 'hash changed files from watcher' 91.34895899891853ms
[NX Daemon Server] - 2022-11-05T02:28:49.745Z - [WATCHER]: .nx/nxdeps.json was modified
[NX Daemon Server] - 2022-11-05T02:28:56.258Z - [REQUEST]: Updated file-hasher based on watched changes, recomputing project graph...
[NX Daemon Server] - 2022-11-05T02:28:56.292Z - Time taken for 'hash changed files from watcher' 95.04483298957348ms
[NX Daemon Server] - 2022-11-05T02:28:56.371Z - [WATCHER]: .nx/nxdeps.json was modified
[NX Daemon Server] - 2022-11-05T02:29:02.894Z - [REQUEST]: Updated file-hasher based on watched changes, recomputing project graph...
[NX Daemon Server] - 2022-11-05T02:29:02.933Z - Time taken for 'hash changed files from watcher' 104.25966699421406ms
[NX Daemon Server] - 2022-11-05T02:29:03.009Z - [WATCHER]: .nx/nxdeps.json was modified
[NX Daemon Server] - 2022-11-05T02:29:09.524Z - [REQUEST]: Updated file-hasher based on watched changes, recomputing project graph...
[NX Daemon Server] - 2022-11-05T02:29:09.561Z - Time taken for 'hash changed files from watcher' 89.17249999940395ms
[NX Daemon Server] - 2022-11-05T02:29:09.638Z - [WATCHER]: .nx/nxdeps.json was modified
[NX Daemon Server] - 2022-11-05T02:29:16.157Z - [REQUEST]: Updated file-hasher based on watched changes, recomputing project graph...
[NX Daemon Server] - 2022-11-05T02:29:16.191Z - Time taken for 'hash changed files from watcher' 100.7817919999361ms
[NX Daemon Server] - 2022-11-05T02:29:16.269Z - [WATCHER]: .nx/nxdeps.json was modified
[NX Daemon Server] - 2022-11-05T02:29:22.740Z - [REQUEST]: Updated file-hasher based on watched changes, recomputing project graph...
[NX Daemon Server] - 2022-11-05T02:29:22.780Z - Time taken for 'hash changed files from watcher' 50.61320899426937ms
[NX Daemon Server] - 2022-11-05T02:29:22.851Z - [WATCHER]: .nx/nxdeps.json was modified
[NX Daemon Server] - 2022-11-05T02:29:29.353Z - [REQUEST]: Updated file-hasher based on watched changes, recomputing project graph...
[NX Daemon Server] - 2022-11-05T02:29:29.393Z - Time taken for 'hash changed files from watcher' 73.18916599452496ms
[NX Daemon Server] - 2022-11-05T02:29:29.470Z - [WATCHER]: .nx/nxdeps.json was modified
[NX Daemon Server] - 2022-11-05T02:29:35.972Z - [REQUEST]: Updated file-hasher based on watched changes, recomputing project graph...
[NX Daemon Server] - 2022-11-05T02:29:36.014Z - Time taken for 'hash changed files from watcher' 71.48270900547504ms
[NX Daemon Server] - 2022-11-05T02:29:36.092Z - [WATCHER]: .nx/nxdeps.json was modified
[NX Daemon Server] - 2022-11-05T02:29:42.615Z - [REQUEST]: Updated file-hasher based on watched changes, recomputing project graph...
[NX Daemon Server] - 2022-11-05T02:29:42.649Z - Time taken for 'hash changed files from watcher' 98.76212500035763ms
[NX Daemon Server] - 2022-11-05T02:29:42.728Z - [WATCHER]: .nx/nxdeps.json was modified
[NX Daemon Server] - 2022-11-05T02:29:49.245Z - [REQUEST]: Updated file-hasher based on watched changes, recomputing project graph...
[NX Daemon Server] - 2022-11-05T02:29:49.280Z - Time taken for 'hash changed files from watcher' 92.41766698658466ms
[NX Daemon Server] - 2022-11-05T02:29:49.358Z - [WATCHER]: .nx/nxdeps.json was modified
[NX Daemon Server] - 2022-11-05T02:29:55.875Z - [REQUEST]: Updated file-hasher based on watched changes, recomputing project graph...
[NX Daemon Server] - 2022-11-05T02:29:55.913Z - Time taken for 'hash changed files from watcher' 98.7412919998169ms
[NX Daemon Server] - 2022-11-05T02:29:55.992Z - [WATCHER]: .nx/nxdeps.json was modified
[NX Daemon Server] - 2022-11-05T02:30:02.536Z - [REQUEST]: Updated file-hasher based on watched changes, recomputing project graph...
[NX Daemon Server] - 2022-11-05T02:30:02.570Z - Time taken for 'hash changed files from watcher' 122.91570800542831ms
[NX Daemon Server] - 2022-11-05T02:30:02.637Z - [WATCHER]: .nx/nxdeps.json was modified
[NX Daemon Server] - 2022-11-05T02:30:09.153Z - [REQUEST]: Updated file-hasher based on watched changes, recomputing project graph...
[NX Daemon Server] - 2022-11-05T02:30:09.188Z - Time taken for 'hash changed files from watcher' 95.26341700553894ms
[NX Daemon Server] - 2022-11-05T02:30:09.266Z - [WATCHER]: .nx/nxdeps.json was modified
[NX Daemon Server] - 2022-11-05T02:30:15.783Z - [REQUEST]: Updated file-hasher based on watched changes, recomputing project graph...
[NX Daemon Server] - 2022-11-05T02:30:15.818Z - Time taken for 'hash changed files from watcher' 92.9612499922514ms
[NX Daemon Server] - 2022-11-05T02:30:15.897Z - [WATCHER]: .nx/nxdeps.json was modified
[NX Daemon Server] - 2022-11-05T02:30:22.416Z - [REQUEST]: Updated file-hasher based on watched changes, recomputing project graph...
[NX Daemon Server] - 2022-11-05T02:30:22.450Z - Time taken for 'hash changed files from watcher' 94.67141599953175ms
[NX Daemon Server] - 2022-11-05T02:30:22.529Z - [WATCHER]: .nx/nxdeps.json was modified
[NX Daemon Server] - 2022-11-05T02:30:29.047Z - [REQUEST]: Updated file-hasher based on watched changes, recomputing project graph...
[NX Daemon Server] - 2022-11-05T02:30:29.081Z - Time taken for 'hash changed files from watcher' 99.23587499558926ms
[NX Daemon Server] - 2022-11-05T02:30:29.159Z - [WATCHER]: .nx/nxdeps.json was modified
[NX Daemon Server] - 2022-11-05T02:30:35.695Z - [REQUEST]: Updated file-hasher based on watched changes, recomputing project graph...
[NX Daemon Server] - 2022-11-05T02:30:35.743Z - Time taken for 'hash changed files from watcher' 80.49770900607109ms
[NX Daemon Server] - 2022-11-05T02:30:35.823Z - [WATCHER]: .nx/nxdeps.json was modified
[NX Daemon Server] - 2022-11-05T02:30:42.324Z - [REQUEST]: Updated file-hasher based on watched changes, recomputing project graph...
[NX Daemon Server] - 2022-11-05T02:30:42.367Z - Time taken for 'hash changed files from watcher' 78.78879199922085ms
[NX Daemon Server] - 2022-11-05T02:30:42.444Z - [WATCHER]: .nx/nxdeps.json was modified
[NX Daemon Server] - 2022-11-05T02:30:48.967Z - [REQUEST]: Updated file-hasher based on watched changes, recomputing project graph...
[NX Daemon Server] - 2022-11-05T02:30:49.020Z - Time taken for 'hash changed files from watcher' 96.56691600382328ms
[NX Daemon Server] - 2022-11-05T02:30:49.197Z - [WATCHER]: .nx/nxdeps.json was modified
[NX Daemon Server] - 2022-11-05T02:30:52.482Z - [WATCHER]: Unsubscribed from changes within: /Users/katherinemartinez/src/ui-composer (sources)
[NX Daemon Server] - 2022-11-05T02:30:52.484Z - [WATCHER]: Unsubscribed from changes within: /Users/katherinemartinez/src/ui-composer (outputs)
[NX Daemon Server] - 2022-11-05T02:30:52.484Z - Server stopped because: "Lock file changed"
